c:\kozindxlib\kozindxlib\x64\debug\vc143.pdb
c:\kozindxlib\kozindxlib\x64\debug\vc143.idb
c:\kozindxlib\kozindxlib\x64\debug\vec2.obj
c:\kozindxlib\kozindxlib\x64\debug\scenemapedit.obj
c:\kozindxlib\kozindxlib\x64\debug\scenemanager.obj
c:\kozindxlib\kozindxlib\x64\debug\scenemain.obj
c:\kozindxlib\kozindxlib\x64\debug\player.obj
c:\kozindxlib\kozindxlib\x64\debug\pad.obj
c:\kozindxlib\kozindxlib\x64\debug\main.obj
c:\kozindxlib\kozindxlib\x64\debug\enemytoplayer.obj
c:\kozindxlib\kozindxlib\x64\debug\enemyright.obj
c:\kozindxlib\kozindxlib\x64\debug\bg.obj
c:\kozindxlib\kozindxlib\x64\debug\kozindxlib.exe
c:\kozindxlib\kozindxlib\x64\debug\kozindxlib.ilk
c:\kozindxlib\kozindxlib\x64\debug\kozindxlib.pdb
c:\kozindxlib\kozindxlib\x64\debug\kozindxlib.tlog\cl.command.1.tlog
c:\kozindxlib\kozindxlib\x64\debug\kozindxlib.tlog\cl.read.1.tlog
c:\kozindxlib\kozindxlib\x64\debug\kozindxlib.tlog\cl.write.1.tlog
c:\kozindxlib\kozindxlib\x64\debug\kozindxlib.tlog\link.command.1.tlog
c:\kozindxlib\kozindxlib\x64\debug\kozindxlib.tlog\link.read.1.tlog
c:\kozindxlib\kozindxlib\x64\debug\kozindxlib.tlog\link.write.1.tlog
