  ShotBase.cpp
  ShotBible.cpp
C:\DxLib_VC\プロジェクトに追加すべきファイル_VC用\DxLib.h(3344,1): warning C4819: ファイルは、現在のコード ページ (932) で表示できない文字を含んでいます。データの損失を防ぐために、ファイルを Unicode 形式で保存してください。
C:\kozinDxlib\kozinDxLib\shot\ShotBible.cpp(61,12): warning C4244: '初期化中': 'float' から 'int' への変換です。データが失われる可能性があります。
C:\kozinDxlib\kozinDxLib\shot\ShotBible.cpp(76,85): warning C4244: '引数': 'float' から 'int' への変換です。データが失われる可能性があります。
C:\kozinDxlib\kozinDxLib\shot\ShotBible.cpp(76,63): warning C4244: '引数': 'float' から 'int' への変換です。データが失われる可能性があります。
C:\kozinDxlib\kozinDxLib\shot\ShotBible.cpp(76,40): warning C4244: '引数': 'float' から 'int' への変換です。データが失われる可能性があります。
C:\kozinDxlib\kozinDxLib\shot\ShotBible.cpp(76,18): warning C4244: '引数': 'float' から 'int' への変換です。データが失われる可能性があります。
  ShotMagicWand.cpp
C:\DxLib_VC\プロジェクトに追加すべきファイル_VC用\DxLib.h(3344,1): warning C4819: ファイルは、現在のコード ページ (932) で表示できない文字を含んでいます。データの損失を防ぐために、ファイルを Unicode 形式で保存してください。
C:\kozinDxlib\kozinDxLib\shot\ShotMagicWand.cpp(38,2): warning C4267: '初期化中': 'size_t' から 'int' に変換しました。データが失われているかもしれません。
C:\kozinDxlib\kozinDxLib\shot\ShotMagicWand.cpp(82,15): warning C4244: '初期化中': 'float' から 'int' への変換です。データが失われる可能性があります。
C:\kozinDxlib\kozinDxLib\shot\ShotMagicWand.cpp(83,15): warning C4244: '初期化中': 'float' から 'int' への変換です。データが失われる可能性があります。
C:\kozinDxlib\kozinDxLib\shot\ShotMagicWand.cpp(84,13): warning C4244: '初期化中': 'float' から 'int' への変換です。データが失われる可能性があります。
C:\kozinDxlib\kozinDxLib\shot\ShotMagicWand.cpp(85,13): warning C4244: '初期化中': 'float' から 'int' への変換です。データが失われる可能性があります。
C:\kozinDxlib\kozinDxLib\shot\ShotMagicWand.cpp(90,14): warning C4244: '初期化中': 'int' から 'float' への変換です。データが失われる可能性があります。
C:\kozinDxlib\kozinDxLib\shot\ShotMagicWand.cpp(91,26): warning C4244: '+=': 'float' から 'int' への変換です。データが失われる可能性があります。
C:\kozinDxlib\kozinDxLib\shot\ShotMagicWand.cpp(92,26): warning C4244: '+=': 'float' から 'int' への変換です。データが失われる可能性があります。
C:\kozinDxlib\kozinDxLib\shot\ShotMagicWand.cpp(93,24): warning C4244: '+=': 'float' から 'int' への変換です。データが失われる可能性があります。
C:\kozinDxlib\kozinDxLib\shot\ShotMagicWand.cpp(94,24): warning C4244: '+=': 'float' から 'int' への変換です。データが失われる可能性があります。
C:\kozinDxlib\kozinDxLib\shot\ShotMagicWand.cpp(96,61): warning C4244: '引数': 'const float' から 'int' への変換です。データが失われる可能性があります。
  コードを生成中...
  kozinDxLib.vcxproj -> C:\kozinDxlib\kozinDxLib\x64\Debug\kozinDxLib.exe
